========================================================================
KMIA Daily Workflow Started: Mon May  4 16:13:43 EDT 2026
Project Root: /Users/computer/Desktop/App Development/Kalshi
NO REAL TRADING EXECUTION
========================================================================
[1/4] Running daily v2 dry-run forecast...
Using Python: /Users/computer/Desktop/App Development/Kalshi/.venv/bin/python3
PYTHONPATH: :/Users/computer/Desktop/App Development/Kalshi/backend/src
2026-05-04 16:13:43,664 - __main__ - INFO - Starting prediction pipeline for 2026-05-04 (Dry Run: True, Model: rules_v2_climatology, Compare: False)...
2026-05-04 16:13:43,664 - __main__ - INFO - Using mock features for dry run.
2026-05-04 16:13:43,664 - __main__ - INFO - History path resolved to: /Users/computer/Desktop/App Development/Kalshi/backend/data/processed/history/kmia_daily_history.jsonl
2026-05-04 16:13:43,664 - __main__ - INFO - History file exists: True
2026-05-04 16:13:43,705 - __main__ - INFO - Loaded 27879 historical records for v2 integration.
2026-05-04 16:13:43,712 - __main__ - INFO - Reports saved to /Users/computer/Desktop/App Development/Kalshi/backend/data/processed/reports
2026-05-04 16:13:43,712 - __main__ - INFO -   MD: kmia_forecast_2026-05-04_rules_v2_climatology_161343.md
2026-05-04 16:13:43,712 - __main__ - INFO -   HTML: kmia_forecast_2026-05-04_rules_v2_climatology_161343.html
[2/4] Running model comparison dry-run...
Using Python: /Users/computer/Desktop/App Development/Kalshi/.venv/bin/python3
PYTHONPATH: :/Users/computer/Desktop/App Development/Kalshi/backend/src
2026-05-04 16:13:43,908 - __main__ - INFO - Starting prediction pipeline for 2026-05-04 (Dry Run: True, Model: rules_v2_climatology, Compare: True)...
2026-05-04 16:13:43,908 - __main__ - INFO - Using mock features for dry run.
2026-05-04 16:13:43,908 - __main__ - INFO - History path resolved to: /Users/computer/Desktop/App Development/Kalshi/backend/data/processed/history/kmia_daily_history.jsonl
2026-05-04 16:13:43,908 - __main__ - INFO - History file exists: True
2026-05-04 16:13:43,945 - __main__ - INFO - Loaded 27879 historical records for v2 integration.
2026-05-04 16:13:43,952 - __main__ - INFO - Comparison reports saved as kmia_comparison_2026-05-04_161343
2026-05-04 16:13:43,952 - __main__ - INFO - Reports saved to /Users/computer/Desktop/App Development/Kalshi/backend/data/processed/reports
2026-05-04 16:13:43,952 - __main__ - INFO -   MD: kmia_forecast_2026-05-04_rules_v1_161343.md
2026-05-04 16:13:43,952 - __main__ - INFO -   HTML: kmia_forecast_2026-05-04_rules_v1_161343.html
2026-05-04 16:13:43,952 - __main__ - INFO - Reports saved to /Users/computer/Desktop/App Development/Kalshi/backend/data/processed/reports
2026-05-04 16:13:43,952 - __main__ - INFO -   MD: kmia_forecast_2026-05-04_rules_v2_climatology_161343.md
2026-05-04 16:13:43,952 - __main__ - INFO -   HTML: kmia_forecast_2026-05-04_rules_v2_climatology_161343.html
[3/4] Running settlement check...
Running settlement dry-run...
Using Python: /Users/computer/Desktop/App Development/Kalshi/.venv/bin/python3
--- CLIMIA Settlement Dry Run ---
Loading mock prediction: {
  "<=78": 0.05,
  "79-80": 0.15,
  "81-82": 0.5,
  "83-84": 0.2,
  "85-86": 0.05,
  ">=87": 0.05
}
Loading sample CLIMIA from: sample_normal.txt

--- Settlement Summary ---
Final Max Temp:  82 F
Actual Bin:      81-82
Predicted Bin:   81-82
Top Bin Hit:     True
Brier Score:     0.3200
Log Loss:        0.6931
--------------------------
[4/5] Generating weekly/aggregate calibration report...
Generating Weekly Aggregate Calibration Report...
Using Python: /Users/computer/Desktop/App Development/Kalshi/.venv/bin/python3
PYTHONPATH: :/Users/computer/Desktop/App Development/Kalshi/backend/src
WARNING: Input directory does not exist: /Users/computer/Desktop/App Development/Kalshi/backend/data/processed/comparisons
INFO: Saved aggregate JSON to /Users/computer/Desktop/App Development/Kalshi/backend/data/processed/aggregate_calibration/aggregate_calibration.json
INFO: Saved aggregate Markdown to /Users/computer/Desktop/App Development/Kalshi/backend/data/processed/aggregate_calibration/aggregate_calibration.md
WARNING: Input directory does not exist: /Users/computer/Desktop/App Development/Kalshi/backend/data/processed/comparisons
INFO: Saved aggregate JSON to /Users/computer/Desktop/App Development/Kalshi/backend/data/processed/aggregate_calibration/aggregate_calibration.json
INFO: Saved aggregate Markdown to /Users/computer/Desktop/App Development/Kalshi/backend/data/processed/aggregate_calibration/aggregate_calibration.md
Done. Aggregate reports saved to /Users/computer/Desktop/App Development/Kalshi/backend/data/processed/aggregate_calibration
[5/5] Generating Daily Status Report...
Daily status report generated:
- /Users/computer/Desktop/App Development/Kalshi/backend/data/processed/status/kmia_daily_status_2026-05-04.json
- /Users/computer/Desktop/App Development/Kalshi/backend/data/processed/status/kmia_daily_status_2026-05-04.md
========================================================================
KMIA Daily Workflow Completed: Mon May  4 16:13:44 EDT 2026
Workflow Log: /Users/computer/Desktop/App Development/Kalshi/backend/data/processed/logs/kmia_daily_workflow_2026-05-04.log
========================================================================
========================================================================
KMIA Daily Workflow Started: Mon May  4 16:13:55 EDT 2026
Project Root: /Users/computer/Desktop/App Development/Kalshi
NO REAL TRADING EXECUTION
========================================================================
[1/4] Running daily v2 dry-run forecast...
Using Python: /Users/computer/Desktop/App Development/Kalshi/.venv/bin/python3
PYTHONPATH: :/Users/computer/Desktop/App Development/Kalshi/backend/src
2026-05-04 16:13:56,099 - __main__ - INFO - Starting prediction pipeline for 2026-05-04 (Dry Run: True, Model: rules_v2_climatology, Compare: False)...
2026-05-04 16:13:56,100 - __main__ - INFO - Using mock features for dry run.
2026-05-04 16:13:56,100 - __main__ - INFO - History path resolved to: /Users/computer/Desktop/App Development/Kalshi/backend/data/processed/history/kmia_daily_history.jsonl
2026-05-04 16:13:56,100 - __main__ - INFO - History file exists: True
2026-05-04 16:13:56,136 - __main__ - INFO - Loaded 27879 historical records for v2 integration.
2026-05-04 16:13:56,143 - __main__ - INFO - Reports saved to /Users/computer/Desktop/App Development/Kalshi/backend/data/processed/reports
2026-05-04 16:13:56,143 - __main__ - INFO -   MD: kmia_forecast_2026-05-04_rules_v2_climatology_161356.md
2026-05-04 16:13:56,143 - __main__ - INFO -   HTML: kmia_forecast_2026-05-04_rules_v2_climatology_161356.html
[2/4] Running model comparison dry-run...
Using Python: /Users/computer/Desktop/App Development/Kalshi/.venv/bin/python3
PYTHONPATH: :/Users/computer/Desktop/App Development/Kalshi/backend/src
2026-05-04 16:13:56,334 - __main__ - INFO - Starting prediction pipeline for 2026-05-04 (Dry Run: True, Model: rules_v2_climatology, Compare: True)...
2026-05-04 16:13:56,334 - __main__ - INFO - Using mock features for dry run.
2026-05-04 16:13:56,334 - __main__ - INFO - History path resolved to: /Users/computer/Desktop/App Development/Kalshi/backend/data/processed/history/kmia_daily_history.jsonl
2026-05-04 16:13:56,334 - __main__ - INFO - History file exists: True
2026-05-04 16:13:56,371 - __main__ - INFO - Loaded 27879 historical records for v2 integration.
2026-05-04 16:13:56,378 - __main__ - INFO - Comparison reports saved as kmia_comparison_2026-05-04_161356
2026-05-04 16:13:56,378 - __main__ - INFO - Reports saved to /Users/computer/Desktop/App Development/Kalshi/backend/data/processed/reports
2026-05-04 16:13:56,378 - __main__ - INFO -   MD: kmia_forecast_2026-05-04_rules_v1_161356.md
2026-05-04 16:13:56,378 - __main__ - INFO -   HTML: kmia_forecast_2026-05-04_rules_v1_161356.html
2026-05-04 16:13:56,378 - __main__ - INFO - Reports saved to /Users/computer/Desktop/App Development/Kalshi/backend/data/processed/reports
2026-05-04 16:13:56,378 - __main__ - INFO -   MD: kmia_forecast_2026-05-04_rules_v2_climatology_161356.md
2026-05-04 16:13:56,378 - __main__ - INFO -   HTML: kmia_forecast_2026-05-04_rules_v2_climatology_161356.html
[3/4] Running settlement check...
Running settlement dry-run...
Using Python: /Users/computer/Desktop/App Development/Kalshi/.venv/bin/python3
--- CLIMIA Settlement Dry Run ---
Loading mock prediction: {
  "<=78": 0.05,
  "79-80": 0.15,
  "81-82": 0.5,
  "83-84": 0.2,
  "85-86": 0.05,
  ">=87": 0.05
}
Loading sample CLIMIA from: sample_normal.txt

--- Settlement Summary ---
Final Max Temp:  82 F
Actual Bin:      81-82
Predicted Bin:   81-82
Top Bin Hit:     True
Brier Score:     0.3200
Log Loss:        0.6931
--------------------------
[4/5] Generating weekly/aggregate calibration report...
Generating Weekly Aggregate Calibration Report...
Using Python: /Users/computer/Desktop/App Development/Kalshi/.venv/bin/python3
PYTHONPATH: :/Users/computer/Desktop/App Development/Kalshi/backend/src
WARNING: Input directory does not exist: /Users/computer/Desktop/App Development/Kalshi/backend/data/processed/comparisons
INFO: Saved aggregate JSON to /Users/computer/Desktop/App Development/Kalshi/backend/data/processed/aggregate_calibration/aggregate_calibration.json
INFO: Saved aggregate Markdown to /Users/computer/Desktop/App Development/Kalshi/backend/data/processed/aggregate_calibration/aggregate_calibration.md
WARNING: Input directory does not exist: /Users/computer/Desktop/App Development/Kalshi/backend/data/processed/comparisons
INFO: Saved aggregate JSON to /Users/computer/Desktop/App Development/Kalshi/backend/data/processed/aggregate_calibration/aggregate_calibration.json
INFO: Saved aggregate Markdown to /Users/computer/Desktop/App Development/Kalshi/backend/data/processed/aggregate_calibration/aggregate_calibration.md
Done. Aggregate reports saved to /Users/computer/Desktop/App Development/Kalshi/backend/data/processed/aggregate_calibration
[5/5] Generating Daily Status Report...
Daily status report generated:
- /Users/computer/Desktop/App Development/Kalshi/backend/data/processed/status/kmia_daily_status_2026-05-04.json
- /Users/computer/Desktop/App Development/Kalshi/backend/data/processed/status/kmia_daily_status_2026-05-04.md
========================================================================
KMIA Daily Workflow Completed: Mon May  4 16:13:56 EDT 2026
Workflow Log: /Users/computer/Desktop/App Development/Kalshi/backend/data/processed/logs/kmia_daily_workflow_2026-05-04.log
========================================================================
